#
# A fatal error has been detected by the Java Runtime Environment:
#
#  EXCEPTION_ACCESS_VIOLATION (0xc0000005) at pc=0x6ab23aa8, pid=4628, tid=0x00000f20
#
# JRE version: Java(TM) SE Runtime Environment (8.0_201-b09) (build 1.8.0_201-b09)
# Java VM: Java HotSpot(TM) Client VM (25.201-b09 mixed mode, sharing windows-x86 )
# Problematic frame:
# V  [jvm.dll+0x83aa8]
#
# Failed to write core dump. Minidumps are not enabled by default on client versions of Windows
#
# If you would like to submit a bug report, please visit:
#   http://bugreport.java.com/bugreport/crash.jsp
#

---------------  T H R E A D  ---------------

Current thread (0x00e2d000):  JavaThread "Forwarding newSession on session null to remote" [_thread_in_vm, id=3872, stack(0x001c0000,0x00210000)]

siginfo: ExceptionCode=0xc0000005, reading address 0xffff005d

Registers:
EAX=0xffff000d, EBX=0x00000000, ECX=0x1481b4f0, EDX=0x0031b2b5
ESP=0x0020eebc, EBP=0x0020eebc, ESI=0x00e2d000, EDI=0x0020f120
EIP=0x6ab23aa8, EFLAGS=0x00010202

Top of Stack: (sp=0x0020eebc)
0x0020eebc:   0020efd4 6ab24308 0020f120 1481b4f0
0x0020eecc:   00000000 00000000 00000000 00000001
0x0020eedc:   00e2d000 00e2d000 0020f120 1546e520
0x0020eeec:   1481b4f0 00d20160 168e7808 00d20440
0x0020eefc:   00000014 0020ee94 00000000 0020f594
0x0020ef0c:   77601ecd 001aa81c fffffffe 775be36c
0x0020ef1c:   775be0d2 0000000c 0000000c 0000000c
0x0020ef2c:   77601ecd 001aa81c fffffffe 775be36c 

Instructions: (pc=0x6ab23aa8)
0x6ab23a88:   58 1c c7 40 20 00 00 00 00 5b 8b e5 5d c2 08 00
0x6ab23a98:   cc cc cc cc cc cc cc cc 55 8b ec 8b 4d 0c 8b 01
0x6ab23aa8:   8b 50 50 83 ec 08 53 8b 5d 10 56 57 8b 7d 14 6a
0x6ab23ab8:   01 57 53 ff d2 8b 4d 0c 83 79 04 00 8b f0 7d 38 


Register to memory mapping:

EAX=0xffff000d is an unknown value
EBX=0x00000000 is an unknown value
ECX=0x1481b4f0 is pointing into metadata
EDX=0x0031b2b5 is an unknown value
ESP=0x0020eebc is pointing into the stack for thread: 0x00e2d000
EBP=0x0020eebc is pointing into the stack for thread: 0x00e2d000
ESI=0x00e2d000 is a thread
EDI=0x0020f120 is pointing into the stack for thread: 0x00e2d000


Stack: [0x001c0000,0x00210000],  sp=0x0020eebc,  free space=315k
Native frames: (J=compiled Java code, j=interpreted, Vv=VM code, C=native code)
V  [jvm.dll+0x83aa8]
V  [jvm.dll+0x84308]
V  [jvm.dll+0x84b2b]
V  [jvm.dll+0x86407]
V  [jvm.dll+0x87432]
V  [jvm.dll+0x82967]
j  java.util.Objects.hash([Ljava/lang/Object;)I+1
j  java.lang.invoke.MemberName.hashCode()I+35
J 414 C1 java.util.concurrent.ConcurrentHashMap.get(Ljava/lang/Object;)Ljava/lang/Object; (162 bytes) @ 0x0283ac50 [0x0283ac20+0x30]
j  java.lang.invoke.MethodHandles$Lookup.linkMethodHandleConstant(BLjava/lang/Class;Ljava/lang/String;Ljava/lang/Object;)Ljava/lang/invoke/MethodHandle;+45
j  java.lang.invoke.MethodHandleNatives.linkMethodHandleConstant(Ljava/lang/Class;ILjava/lang/Class;Ljava/lang/String;Ljava/lang/Object;)Ljava/lang/invoke/MethodHandle;+38
v  ~StubRoutines::call_stub
V  [jvm.dll+0x15c215]
V  [jvm.dll+0x22512e]
V  [jvm.dll+0x15c2ae]
V  [jvm.dll+0x15c831]
V  [jvm.dll+0x52299]
V  [jvm.dll+0xb016c]
V  [jvm.dll+0xb06c4]
V  [jvm.dll+0xb0861]
V  [jvm.dll+0x85292]
V  [jvm.dll+0x872e6]
V  [jvm.dll+0x874eb]
V  [jvm.dll+0x814ac]
j  org.openqa.selenium.remote.NewSessionPayload.getW3C()Ljava/util/stream/Stream;+41
j  org.openqa.selenium.remote.NewSessionPayload.writeTo(Ljava/lang/Appendable;)V+264
j  org.openqa.selenium.remote.ProtocolHandshake.createSession(Lorg/openqa/selenium/remote/http/HttpClient;Lorg/openqa/selenium/remote/Command;)Lorg/openqa/selenium/remote/ProtocolHandshake$Result;+105
j  org.openqa.selenium.remote.HttpCommandExecutor.execute(Lorg/openqa/selenium/remote/Command;)Lorg/openqa/selenium/remote/Response;+122
j  org.openqa.selenium.remote.service.DriverCommandExecutor.execute(Lorg/openqa/selenium/remote/Command;)Lorg/openqa/selenium/remote/Response;+21
j  org.openqa.selenium.remote.RemoteWebDriver.execute(Ljava/lang/String;Ljava/util/Map;)Lorg/openqa/selenium/remote/Response;+74
j  org.openqa.selenium.remote.RemoteWebDriver.startSession(Lorg/openqa/selenium/Capabilities;)V+11
j  org.openqa.selenium.remote.RemoteWebDriver.<init>(Lorg/openqa/selenium/remote/CommandExecutor;Lorg/openqa/selenium/Capabilities;)V+65
j  org.openqa.selenium.chrome.ChromeDriver.<init>(Lorg/openqa/selenium/chrome/ChromeDriverService;Lorg/openqa/selenium/Capabilities;)V+10
j  org.openqa.selenium.chrome.ChromeDriver.<init>(Lorg/openqa/selenium/chrome/ChromeDriverService;Lorg/openqa/selenium/chrome/ChromeOptions;)V+3
j  org.openqa.selenium.chrome.ChromeDriver.<init>()V+11
j  LogIn.LoginValid.main([Ljava/lang/String;)V+12
v  ~StubRoutines::call_stub
V  [jvm.dll+0x15c215]
V  [jvm.dll+0x22512e]
V  [jvm.dll+0x15c2ae]
V  [jvm.dll+0xdd947]
V  [jvm.dll+0xe5edf]
C  [javaw.exe+0x2373]
C  [javaw.exe+0xb05f]
C  [javaw.exe+0xb0e9]
C  [kernel32.dll+0x133ca]
C  [ntdll.dll+0x39ed2]
C  [ntdll.dll+0x39ea5]
C  0x00000000

Java frames: (J=compiled Java code, j=interpreted, Vv=VM code)
j  java.util.Objects.hash([Ljava/lang/Object;)I+1
j  java.lang.invoke.MemberName.hashCode()I+35
J 414 C1 java.util.concurrent.ConcurrentHashMap.get(Ljava/lang/Object;)Ljava/lang/Object; (162 bytes) @ 0x0283ac50 [0x0283ac20+0x30]
j  java.lang.invoke.MethodHandles$Lookup.linkMethodHandleConstant(BLjava/lang/Class;Ljava/lang/String;Ljava/lang/Object;)Ljava/lang/invoke/MethodHandle;+45
j  java.lang.invoke.MethodHandleNatives.linkMethodHandleConstant(Ljava/lang/Class;ILjava/lang/Class;Ljava/lang/String;Ljava/lang/Object;)Ljava/lang/invoke/MethodHandle;+38
v  ~StubRoutines::call_stub
j  org.openqa.selenium.remote.NewSessionPayload.getW3C()Ljava/util/stream/Stream;+41
j  org.openqa.selenium.remote.NewSessionPayload.writeTo(Ljava/lang/Appendable;)V+264
j  org.openqa.selenium.remote.ProtocolHandshake.createSession(Lorg/openqa/selenium/remote/http/HttpClient;Lorg/openqa/selenium/remote/Command;)Lorg/openqa/selenium/remote/ProtocolHandshake$Result;+105
j  org.openqa.selenium.remote.HttpCommandExecutor.execute(Lorg/openqa/selenium/remote/Command;)Lorg/openqa/selenium/remote/Response;+122
j  org.openqa.selenium.remote.service.DriverCommandExecutor.execute(Lorg/openqa/selenium/remote/Command;)Lorg/openqa/selenium/remote/Response;+21
j  org.openqa.selenium.remote.RemoteWebDriver.execute(Ljava/lang/String;Ljava/util/Map;)Lorg/openqa/selenium/remote/Response;+74
j  org.openqa.selenium.remote.RemoteWebDriver.startSession(Lorg/openqa/selenium/Capabilities;)V+11
j  org.openqa.selenium.remote.RemoteWebDriver.<init>(Lorg/openqa/selenium/remote/CommandExecutor;Lorg/openqa/selenium/Capabilities;)V+65
j  org.openqa.selenium.chrome.ChromeDriver.<init>(Lorg/openqa/selenium/chrome/ChromeDriverService;Lorg/openqa/selenium/Capabilities;)V+10
j  org.openqa.selenium.chrome.ChromeDriver.<init>(Lorg/openqa/selenium/chrome/ChromeDriverService;Lorg/openqa/selenium/chrome/ChromeOptions;)V+3
j  org.openqa.selenium.chrome.ChromeDriver.<init>()V+11
j  LogIn.LoginValid.main([Ljava/lang/String;)V+12
v  ~StubRoutines::call_stub

---------------  P R O C E S S  ---------------

Java Threads: ( => current thread )
  0x168b1800 JavaThread "Keep-Alive-Timer" daemon [_thread_blocked, id=3748, stack(0x16db0000,0x16e00000)]
  0x1640d000 JavaThread "UrlChecker-2" daemon [_thread_blocked, id=468, stack(0x16670000,0x166c0000)]
  0x1640e400 JavaThread "Exec Stream Pumper" daemon [_thread_in_native, id=5096, stack(0x166f0000,0x16740000)]
  0x163ddc00 JavaThread "Exec Stream Pumper" daemon [_thread_in_native, id=1092, stack(0x16570000,0x165c0000)]
  0x163dd800 JavaThread "Exec Default Executor" daemon [_thread_in_native, id=4276, stack(0x159b0000,0x15a00000)]
  0x00de9800 JavaThread "Service Thread" daemon [_thread_blocked, id=4412, stack(0x01270000,0x012c0000)]
  0x00dc4800 JavaThread "C1 CompilerThread0" daemon [_thread_blocked, id=4516, stack(0x15d80000,0x15dd0000)]
  0x00dc3800 JavaThread "Attach Listener" daemon [_thread_blocked, id=3280, stack(0x15ba0000,0x15bf0000)]
  0x00dc0800 JavaThread "Signal Dispatcher" daemon [_thread_blocked, id=4720, stack(0x15ad0000,0x15b20000)]
  0x00db5000 JavaThread "Finalizer" daemon [_thread_blocked, id=1276, stack(0x15b40000,0x15b90000)]
  0x00d56800 JavaThread "Reference Handler" daemon [_thread_blocked, id=4292, stack(0x15a60000,0x15ab0000)]
=>0x00e2d000 JavaThread "Forwarding newSession on session null to remote" [_thread_in_vm, id=3872, stack(0x001c0000,0x00210000)]

Other Threads:
  0x00d54400 VMThread [stack: 0x047a0000,0x047f0000] [id=5048]
  0x00df3400 WatcherThread [stack: 0x15e30000,0x15e80000] [id=4228]

VM state:not at safepoint (normal execution)

VM Mutex/Monitor currently owned by a thread: None

Heap:
 def new generation   total 4928K, used 3000K [0x04800000, 0x04d50000, 0x09d50000)
  eden space 4416K,  56% used [0x04800000, 0x04a6e108, 0x04c50000)
  from space 512K, 100% used [0x04cd0000, 0x04d50000, 0x04d50000)
  to   space 512K,   0% used [0x04c50000, 0x04c50000, 0x04cd0000)
 tenured generation   total 10944K, used 3692K [0x09d50000, 0x0a800000, 0x14800000)
   the space 10944K,  33% used [0x09d50000, 0x0a0eb000, 0x0a0eb000, 0x0a800000)
 Metaspace       used 3461K, capacity 4207K, committed 4288K, reserved 4480K

Card table byte_map: [0x00e70000,0x00f00000] byte_map_base: 0x00e4c000

Polling page: 0x00190000

CodeCache: size=32768Kb used=1323Kb max_used=1323Kb free=31444Kb
 bounds [0x02700000, 0x02850000, 0x04700000]
 total_blobs=628 nmethods=460 adapters=100
 compilation: enabled

Compilation events (10 events):
Event: 1.736 Thread 0x00dc4800 nmethod 456 0x02844b08 code [0x02844c10, 0x02844cbc]
Event: 1.736 Thread 0x00dc4800  457             java.util.WeakHashMap::getTable (9 bytes)
Event: 1.736 Thread 0x00dc4800 nmethod 457 0x02844d48 code [0x02844e40, 0x02844edc]
Event: 1.736 Thread 0x00dc4800  458   !         java.util.WeakHashMap::expungeStaleEntries (139 bytes)
Event: 1.737 Thread 0x00dc4800 nmethod 458 0x02844f48 code [0x02845080, 0x0284557c]
Event: 1.737 Thread 0x00dc4800  459             java.util.WeakHashMap::indexFor (6 bytes)
Event: 1.737 Thread 0x00dc4800 nmethod 459 0x02845a48 code [0x02845b40, 0x02845bb0]
Event: 1.739 Thread 0x00dc4800  460             jdk.internal.org.objectweb.asm.ClassWriter::newClassItem (70 bytes)
Event: 1.740 Thread 0x00dc4800 nmethod 460 0x02845c08 code [0x02845d50, 0x02845f18]
Event: 1.745 Thread 0x00dc4800  461             sun.nio.cs.UTF_8$Decoder::decodeArrayLoop (691 bytes)

GC Heap History (10 events):
Event: 0.310 GC heap before
{Heap before GC invocations=0 (full 0):
 def new generation   total 4928K, used 4416K [0x04800000, 0x04d50000, 0x09d50000)
  eden space 4416K, 100% used [0x04800000, 0x04c50000, 0x04c50000)
  from space 512K,   0% used [0x04c50000, 0x04c50000, 0x04cd0000)
  to   space 512K,   0% used [0x04cd0000, 0x04cd0000, 0x04d50000)
 tenured generation   total 10944K, used 0K [0x09d50000, 0x0a800000, 0x14800000)
   the space 10944K,   0% used [0x09d50000, 0x09d50000, 0x09d50200, 0x0a800000)
 Metaspace       used 705K, capacity 2728K, committed 2752K, reserved 4480K
Event: 0.315 GC heap after
Heap after GC invocations=1 (full 0):
 def new generation   total 4928K, used 512K [0x04800000, 0x04d50000, 0x09d50000)
  eden space 4416K,   0% used [0x04800000, 0x04800000, 0x04c50000)
  from space 512K, 100% used [0x04cd0000, 0x04d50000, 0x04d50000)
  to   space 512K,   0% used [0x04c50000, 0x04c50000, 0x04cd0000)
 tenured generation   total 10944K, used 784K [0x09d50000, 0x0a800000, 0x14800000)
   the space 10944K,   7% used [0x09d50000, 0x09e14060, 0x09e14200, 0x0a800000)
 Metaspace       used 705K, capacity 2728K, committed 2752K, reserved 4480K
}
Event: 0.543 GC heap before
{Heap before GC invocations=1 (full 0):
 def new generation   total 4928K, used 4928K [0x04800000, 0x04d50000, 0x09d50000)
  eden space 4416K, 100% used [0x04800000, 0x04c50000, 0x04c50000)
  from space 512K, 100% used [0x04cd0000, 0x04d50000, 0x04d50000)
  to   space 512K,   0% used [0x04c50000, 0x04c50000, 0x04cd0000)
 tenured generation   total 10944K, used 784K [0x09d50000, 0x0a800000, 0x14800000)
   the space 10944K,   7% used [0x09d50000, 0x09e14060, 0x09e14200, 0x0a800000)
 Metaspace       used 1639K, capacity 3086K, committed 3136K, reserved 4480K
Event: 0.550 GC heap after
Heap after GC invocations=2 (full 0):
 def new generation   total 4928K, used 512K [0x04800000, 0x04d50000, 0x09d50000)
  eden space 4416K,   0% used [0x04800000, 0x04800000, 0x04c50000)
  from space 512K, 100% used [0x04c50000, 0x04cd0000, 0x04cd0000)
  to   space 512K,   0% used [0x04cd0000, 0x04cd0000, 0x04d50000)
 tenured generation   total 10944K, used 1810K [0x09d50000, 0x0a800000, 0x14800000)
   the space 10944K,  16% used [0x09d50000, 0x09f14a48, 0x09f14c00, 0x0a800000)
 Metaspace       used 1639K, capacity 3086K, committed 3136K, reserved 4480K
}
Event: 0.641 GC heap before
{Heap before GC invocations=2 (full 0):
 def new generation   total 4928K, used 4928K [0x04800000, 0x04d50000, 0x09d50000)
  eden space 4416K, 100% used [0x04800000, 0x04c50000, 0x04c50000)
  from space 512K, 100% used [0x04c50000, 0x04cd0000, 0x04cd0000)
  to   space 512K,   0% used [0x04cd0000, 0x04cd0000, 0x04d50000)
 tenured generation   total 10944K, used 1810K [0x09d50000, 0x0a800000, 0x14800000)
   the space 10944K,  16% used [0x09d50000, 0x09f14a48, 0x09f14c00, 0x0a800000)
 Metaspace       used 1908K, capacity 3157K, committed 3264K, reserved 4480K
Event: 0.648 GC heap after
Heap after GC invocations=3 (full 0):
 def new generation   total 4928K, used 512K [0x04800000, 0x04d50000, 0x09d50000)
  eden space 4416K,   0% used [0x04800000, 0x04800000, 0x04c50000)
  from space 512K, 100% used [0x04cd0000, 0x04d50000, 0x04d50000)
  to   space 512K,   0% used [0x04c50000, 0x04c50000, 0x04cd0000)
 tenured generation   total 10944K, used 2664K [0x09d50000, 0x0a800000, 0x14800000)
   the space 10944K,  24% used [0x09d50000, 0x09fea138, 0x09fea200, 0x0a800000)
 Metaspace       used 1908K, capacity 3157K, committed 3264K, reserved 4480K
}
Event: 0.935 GC heap before
{Heap before GC invocations=3 (full 0):
 def new generation   total 4928K, used 4928K [0x04800000, 0x04d50000, 0x09d50000)
  eden space 4416K, 100% used [0x04800000, 0x04c50000, 0x04c50000)
  from space 512K, 100% used [0x04cd0000, 0x04d50000, 0x04d50000)
  to   space 512K,   0% used [0x04c50000, 0x04c50000, 0x04cd0000)
 tenured generation   total 10944K, used 2664K [0x09d50000, 0x0a800000, 0x14800000)
   the space 10944K,  24% used [0x09d50000, 0x09fea138, 0x09fea200, 0x0a800000)
 Metaspace       used 2201K, capacity 3231K, committed 3264K, reserved 4480K
Event: 0.939 GC heap after
Heap after GC invocations=4 (full 0):
 def new generation   total 4928K, used 422K [0x04800000, 0x04d50000, 0x09d50000)
  eden space 4416K,   0% used [0x04800000, 0x04800000, 0x04c50000)
  from space 512K,  82% used [0x04c50000, 0x04cb9a60, 0x04cd0000)
  to   space 512K,   0% used [0x04cd0000, 0x04cd0000, 0x04d50000)
 tenured generation   total 10944K, used 3163K [0x09d50000, 0x0a800000, 0x14800000)
   the space 10944K,  28% used [0x09d50000, 0x0a066ce0, 0x0a066e00, 0x0a800000)
 Metaspace       used 2201K, capacity 3231K, committed 3264K, reserved 4480K
}
Event: 1.659 GC heap before
{Heap before GC invocations=4 (full 0):
 def new generation   total 4928K, used 4838K [0x04800000, 0x04d50000, 0x09d50000)
  eden space 4416K, 100% used [0x04800000, 0x04c50000, 0x04c50000)
  from space 512K,  82% used [0x04c50000, 0x04cb9a60, 0x04cd0000)
  to   space 512K,   0% used [0x04cd0000, 0x04cd0000, 0x04d50000)
 tenured generation   total 10944K, used 3163K [0x09d50000, 0x0a800000, 0x14800000)
   the space 10944K,  28% used [0x09d50000, 0x0a066ce0, 0x0a066e00, 0x0a800000)
 Metaspace       used 3166K, capacity 3915K, committed 4032K, reserved 4480K
Event: 1.663 GC heap after
Heap after GC invocations=5 (full 0):
 def new generation   total 4928K, used 512K [0x04800000, 0x04d50000, 0x09d50000)
  eden space 4416K,   0% used [0x04800000, 0x04800000, 0x04c50000)
  from space 512K, 100% used [0x04cd0000, 0x04d50000, 0x04d50000)
  to   space 512K,   0% used [0x04c50000, 0x04c50000, 0x04cd0000)
 tenured generation   total 10944K, used 3692K [0x09d50000, 0x0a800000, 0x14800000)
   the space 10944K,  33% used [0x09d50000, 0x0a0eb000, 0x0a0eb000, 0x0a800000)
 Metaspace       used 3166K, capacity 3915K, committed 4032K, reserved 4480K
}

Deoptimization events (0 events):
No events

Classes redefined (0 events):
No events

Internal exceptions (10 events):
Event: 1.551 Thread 0x00e2d000 Exception <a 'java/lang/IncompatibleClassChangeError': Found class java.lang.Object, but interface was expected> (0x049db010) thrown at [C:\re\workspace\8-2-build-windows-i586-cygwin\jdk8u201\12322\hotspot\src\share\vm\interpreter\linkResolver.cpp, line 6
Event: 1.558 Thread 0x00e2d000 Exception <a 'java/lang/NoSuchMethodError': java.lang.Object.lambda$or$2(Ljava/util/function/Predicate;Ljava/lang/Object;)Z> (0x049e86a0) thrown at [C:\re\workspace\8-2-build-windows-i586-cygwin\jdk8u201\12322\hotspot\src\share\vm\interpreter\linkResolver
Event: 1.603 Thread 0x00e2d000 Exception <a 'java/lang/ArrayIndexOutOfBoundsException': 18> (0x04ae5d68) thrown at [C:\re\workspace\8-2-build-windows-i586-cygwin\jdk8u201\12322\hotspot\src\share\vm\interpreter\interpreterRuntime.cpp, line 368]
Event: 1.603 Thread 0x00e2d000 Exception <a 'java/lang/ArrayIndexOutOfBoundsException': 110> (0x04ae7140) thrown at [C:\re\workspace\8-2-build-windows-i586-cygwin\jdk8u201\12322\hotspot\src\share\vm\interpreter\interpreterRuntime.cpp, line 368]
Event: 1.604 Thread 0x00e2d000 Exception <a 'java/lang/ArrayIndexOutOfBoundsException': 60> (0x04ae8370) thrown at [C:\re\workspace\8-2-build-windows-i586-cygwin\jdk8u201\12322\hotspot\src\share\vm\interpreter\interpreterRuntime.cpp, line 368]
Event: 1.605 Thread 0x00e2d000 Exception <a 'java/lang/ArrayIndexOutOfBoundsException': 67> (0x04ae9508) thrown at [C:\re\workspace\8-2-build-windows-i586-cygwin\jdk8u201\12322\hotspot\src\share\vm\interpreter\interpreterRuntime.cpp, line 368]
Event: 1.605 Thread 0x00e2d000 Exception <a 'java/lang/ArrayIndexOutOfBoundsException': 88> (0x04aea580) thrown at [C:\re\workspace\8-2-build-windows-i586-cygwin\jdk8u201\12322\hotspot\src\share\vm\interpreter\interpreterRuntime.cpp, line 368]
Event: 1.606 Thread 0x00e2d000 Exception <a 'java/lang/ArrayIndexOutOfBoundsException': 92> (0x04aeea28) thrown at [C:\re\workspace\8-2-build-windows-i586-cygwin\jdk8u201\12322\hotspot\src\share\vm\interpreter\interpreterRuntime.cpp, line 368]
Event: 1.606 Thread 0x00e2d000 Exception <a 'java/lang/ArrayIndexOutOfBoundsException': 57> (0x04af2468) thrown at [C:\re\workspace\8-2-build-windows-i586-cygwin\jdk8u201\12322\hotspot\src\share\vm\interpreter\interpreterRuntime.cpp, line 368]
Event: 1.673 Thread 0x00e2d000 Exception <a 'java/lang/NoSuchMethodError': java.lang.Object.lambda$chars$0()Ljava/util/Spliterator$OfInt;> (0x04851d40) thrown at [C:\re\workspace\8-2-build-windows-i586-cygwin\jdk8u201\12322\hotspot\src\share\vm\interpreter\linkResolver.cpp, line 620]

Events (10 events):
Event: 1.739 loading class com/google/common/collect/ImmutableSortedSet$Builder
Event: 1.739 loading class com/google/common/collect/ImmutableSortedSet$Builder done
Event: 1.739 loading class com/google/common/collect/ImmutableSortedSet
Event: 1.739 loading class com/google/common/collect/ImmutableSortedSet done
Event: 1.740 loading class com/google/common/collect/ImmutableSortedSet$Builder
Event: 1.740 loading class com/google/common/collect/ImmutableSortedSet$Builder done
Event: 1.741 loading class com/google/common/collect/ImmutableSortedAsList
Event: 1.741 loading class com/google/common/collect/ImmutableSortedAsList done
Event: 1.746 loading class org/openqa/selenium/remote/session/CapabilitiesFilter
Event: 1.746 loading class org/openqa/selenium/remote/session/CapabilitiesFilter done


Dynamic libraries:
0x012c0000 - 0x012f3000 	C:\Program Files (x86)\Java\jre1.8.0_201\bin\javaw.exe
0x77590000 - 0x77710000 	C:\Windows\SysWOW64\ntdll.dll
0x76220000 - 0x76330000 	C:\Windows\syswow64\kernel32.dll
0x76050000 - 0x76096000 	C:\Windows\syswow64\KERNELBASE.dll
0x76520000 - 0x765c0000 	C:\Windows\syswow64\ADVAPI32.dll
0x770e0000 - 0x7718c000 	C:\Windows\syswow64\msvcrt.dll
0x76cb0000 - 0x76cc9000 	C:\Windows\SysWOW64\sechost.dll
0x760a0000 - 0x76190000 	C:\Windows\syswow64\RPCRT4.dll
0x750f0000 - 0x75150000 	C:\Windows\syswow64\SspiCli.dll
0x750e0000 - 0x750ec000 	C:\Windows\syswow64\CRYPTBASE.dll
0x76cd0000 - 0x76dd0000 	C:\Windows\syswow64\USER32.dll
0x751e0000 - 0x75270000 	C:\Windows\syswow64\GDI32.dll
0x76ca0000 - 0x76caa000 	C:\Windows\syswow64\LPK.dll
0x768c0000 - 0x7695d000 	C:\Windows\syswow64\USP10.dll
0x74e40000 - 0x74fde000 	C:\Windows\WinSxS\x86_microsoft.windows.common-controls_6595b64144ccf1df_6.0.7601.17514_none_41e6975e2bd6f2b2\COMCTL32.dll
0x76ae0000 - 0x76b37000 	C:\Windows\syswow64\SHLWAPI.dll
0x75180000 - 0x751e0000 	C:\Windows\system32\IMM32.DLL
0x766d0000 - 0x7679c000 	C:\Windows\syswow64\MSCTF.dll
0x6b5b0000 - 0x6b66f000 	C:\Program Files (x86)\Java\jre1.8.0_201\bin\msvcr100.dll
0x6aaa0000 - 0x6ae75000 	C:\Program Files (x86)\Java\jre1.8.0_201\bin\client\jvm.dll
0x74cd0000 - 0x74cd7000 	C:\Windows\system32\WSOCK32.dll
0x75290000 - 0x752c5000 	C:\Windows\syswow64\WS2_32.dll
0x77560000 - 0x77566000 	C:\Windows\syswow64\NSI.dll
0x74ff0000 - 0x75022000 	C:\Windows\system32\WINMM.dll
0x73750000 - 0x73759000 	C:\Windows\system32\VERSION.dll
0x752d0000 - 0x752d5000 	C:\Windows\syswow64\PSAPI.DLL
0x74cc0000 - 0x74ccc000 	C:\Program Files (x86)\Java\jre1.8.0_201\bin\verify.dll
0x74880000 - 0x748a1000 	C:\Program Files (x86)\Java\jre1.8.0_201\bin\java.dll
0x74ca0000 - 0x74cb4000 	C:\Program Files (x86)\Java\jre1.8.0_201\bin\zip.dll
0x75400000 - 0x7604a000 	C:\Windows\syswow64\SHELL32.dll
0x76b40000 - 0x76c9c000 	C:\Windows\syswow64\ole32.dll
0x73720000 - 0x7372b000 	C:\Windows\system32\profapi.dll
0x74860000 - 0x74875000 	C:\Program Files (x86)\Java\jre1.8.0_201\bin\net.dll
0x76990000 - 0x76ac6000 	C:\Windows\syswow64\urlmon.dll
0x765d0000 - 0x766c5000 	C:\Windows\syswow64\WININET.dll
0x76dd0000 - 0x76fcb000 	C:\Windows\syswow64\iertutil.dll
0x767a0000 - 0x7682f000 	C:\Windows\syswow64\OLEAUT32.dll
0x752e0000 - 0x753fd000 	C:\Windows\syswow64\CRYPT32.dll
0x765c0000 - 0x765cc000 	C:\Windows\syswow64\MSASN1.dll
0x74170000 - 0x741ac000 	C:\Windows\system32\mswsock.dll
0x74160000 - 0x74166000 	C:\Windows\System32\wship6.dll
0x74150000 - 0x74155000 	C:\Windows\System32\wshtcpip.dll
0x74100000 - 0x74144000 	C:\Windows\system32\DNSAPI.dll
0x73a10000 - 0x73a2c000 	C:\Windows\system32\IPHLPAPI.DLL
0x73a00000 - 0x73a07000 	C:\Windows\system32\WINNSI.DLL
0x740f0000 - 0x740f6000 	C:\Windows\system32\rasadhlp.dll
0x73a60000 - 0x73a98000 	C:\Windows\System32\fwpuclnt.dll
0x6b170000 - 0x6b190000 	C:\Program Files (x86)\Java\jre1.8.0_201\bin\sunec.dll
0x6b1a0000 - 0x6b1a9000 	C:\Program Files (x86)\Java\jre1.8.0_201\bin\sunmscapi.dll
0x72e70000 - 0x72e82000 	C:\Windows\system32\dhcpcsvc.DLL
0x744f0000 - 0x744fd000 	C:\Windows\system32\dhcpcsvc6.DLL
0x74850000 - 0x7485f000 	C:\Program Files (x86)\Java\jre1.8.0_201\bin\nio.dll
0x73e40000 - 0x73e56000 	C:\Windows\system32\CRYPTSP.dll
0x73e00000 - 0x73e3b000 	C:\Windows\system32\rsaenh.dll
0x73730000 - 0x73747000 	C:\Windows\system32\USERENV.dll
0x72df0000 - 0x72e3c000 	C:\Windows\system32\apphelp.dll
0x73aa0000 - 0x73b8b000 	C:\Windows\system32\dbghelp.dll

VM Arguments:
jvm_args: -Dfile.encoding=Cp1252 
java_command: LogIn.LoginValid
java_class_path (initial): C:\Program Files (x86)\Java\jre1.8.0_201\lib\resources.jar;C:\Program Files (x86)\Java\jre1.8.0_201\lib\rt.jar;C:\Program Files (x86)\Java\jre1.8.0_201\lib\jsse.jar;C:\Program Files (x86)\Java\jre1.8.0_201\lib\jce.jar;C:\Program Files (x86)\Java\jre1.8.0_201\lib\charsets.jar;C:\Program Files (x86)\Java\jre1.8.0_201\lib\jfr.jar;C:\Program Files (x86)\Java\jre1.8.0_201\lib\ext\access-bridge-32.jar;C:\Program Files (x86)\Java\jre1.8.0_201\lib\ext\cldrdata.jar;C:\Program Files (x86)\Java\jre1.8.0_201\lib\ext\dnsns.jar;C:\Program Files (x86)\Java\jre1.8.0_201\lib\ext\jaccess.jar;C:\Program Files (x86)\Java\jre1.8.0_201\lib\ext\jfxrt.jar;C:\Program Files (x86)\Java\jre1.8.0_201\lib\ext\localedata.jar;C:\Program Files (x86)\Java\jre1.8.0_201\lib\ext\nashorn.jar;C:\Program Files (x86)\Java\jre1.8.0_201\lib\ext\sunec.jar;C:\Program Files (x86)\Java\jre1.8.0_201\lib\ext\sunjce_provider.jar;C:\Program Files (x86)\Java\jre1.8.0_201\lib\ext\sunmscapi.jar;C:\Program Files (x86)\Java\jre1.8.0_201\lib\ext\sunpkcs11.jar;C:\Program Files (x86)\Java\jre1.8.0_201\lib\ext\zipfs.jar;E:\eclipsdata\eclipse\automation\bin;D:\automation\chromedriver_win32.zip;D:\automation\selenium-java-3.141.59.zip;D:\automation\selenium-server-standalone-3.141.59 (1).jar
Launcher Type: SUN_STANDARD

Environment Variables:
PATH=C:/Program Files (x86)/Java/jre1.8.0_201/bin/client;C:/Program Files (x86)/Java/jre1.8.0_201/bin;C:/Program Files (x86)/Java/jre1.8.0_201/lib/i386;C:\Program Files (x86)\Common Files\Oracle\Java\javapath;C:\Windows\system32;C:\Windows;C:\Windows\System32\Wbem;C:\Windows\System32\WindowsPowerShell\v1.0\;D:\automation\eclipse;
USERNAME=DELL
OS=Windows_NT
PROCESSOR_IDENTIFIER=Intel64 Family 6 Model 23 Stepping 10, GenuineIntel



---------------  S Y S T E M  ---------------

OS: Windows 7 , 64 bit Build 7601 (6.1.7601.17514)

CPU:total 2 (initial active 2) (2 cores per cpu, 1 threads per core) family 6 model 23 stepping 10, cmov, cx8, fxsr, mmx, sse, sse2, sse3, ssse3, sse4.1, tsc

Memory: 4k page, physical 4157812k(1638428k free), swap 8313780k(5365032k free)

vm_info: Java HotSpot(TM) Client VM (25.201-b09) for windows-x86 JRE (1.8.0_201-b09), built on Dec 16 2018 00:13:48 by "java_re" with MS VC++ 10.0 (VS2010)

time: Sun Nov 24 14:35:57 2019
timezone: India Standard Time
elapsed time: 1 seconds (0d 0h 0m 1s)

